[debug] [2021-02-27T09:36:02.723Z] ----------------------------------------------------------------------
[debug] [2021-02-27T09:36:02.726Z] Command:       D:\Users\Cogent\node\node.exe C:\Users\Cogent\AppData\Roaming\npm\node_modules\firebase-tools\lib\bin\firebase.js deploy
[debug] [2021-02-27T09:36:02.727Z] CLI Version:   9.5.0
[debug] [2021-02-27T09:36:02.727Z] Platform:      win32
[debug] [2021-02-27T09:36:02.727Z] Node Version:  v14.15.4
[debug] [2021-02-27T09:36:02.728Z] Time:          Sat Feb 27 2021 15:06:02 GMT+0530 (India Standard Time)
[debug] [2021-02-27T09:36:02.728Z] ----------------------------------------------------------------------
[debug] [2021-02-27T09:36:02.729Z] 
[debug] [2021-02-27T09:36:02.738Z] > command requires scopes: ["email","openid","https://www.googleapis.com/auth/cloudplatformprojects.readonly","https://www.googleapis.com/auth/firebase","https://www.googleapis.com/auth/cloud-platform"]
[debug] [2021-02-27T09:36:02.739Z] > authorizing via signed-in user
[debug] [2021-02-27T09:36:02.739Z] [iam] checking project netflix-clone-6f192 for permissions ["firebase.projects.get","firebasehosting.sites.update"]
[debug] [2021-02-27T09:36:02.742Z] > refreshing access token with scopes: ["email","https://www.googleapis.com/auth/cloud-platform","https://www.googleapis.com/auth/cloudplatformprojects.readonly","https://www.googleapis.com/auth/firebase","openid"]
[debug] [2021-02-27T09:36:02.743Z] >>> HTTP REQUEST POST https://www.googleapis.com/oauth2/v3/token  
 <request body omitted>
[debug] [2021-02-27T09:36:03.597Z] <<< HTTP RESPONSE 200 {"cache-control":"no-cache, no-store, max-age=0, must-revalidate","expires":"Mon, 01 Jan 1990 00:00:00 GMT","pragma":"no-cache","date":"Sat, 27 Feb 2021 09:36:04 GMT","content-type":"application/json; charset=utf-8","vary":"X-Origin, Referer, Origin,Accept-Encoding","server":"scaffolding on HTTPServer2","x-xss-protection":"0","x-frame-options":"SAMEORIGIN","x-content-type-options":"nosniff","alt-svc":"h3-29=\":443\"; ma=2592000,h3-T051=\":443\"; ma=2592000,h3-Q050=\":443\"; ma=2592000,h3-Q046=\":443\"; ma=2592000,h3-Q043=\":443\"; ma=2592000,quic=\":443\"; ma=2592000; v=\"46,43\"","accept-ranges":"none","transfer-encoding":"chunked"}
[debug] [2021-02-27T09:36:03.662Z] >>> HTTP REQUEST POST https://cloudresourcemanager.googleapis.com/v1/projects/netflix-clone-6f192:testIamPermissions  
 {"permissions":["firebase.projects.get","firebasehosting.sites.update"]}
[debug] [2021-02-27T09:36:05.472Z] <<< HTTP RESPONSE 200 {"content-type":"application/json; charset=UTF-8","vary":"X-Origin, Referer, Origin,Accept-Encoding","date":"Sat, 27 Feb 2021 09:36:05 GMT","server":"ESF","cache-control":"private","x-xss-protection":"0","x-frame-options":"SAMEORIGIN","x-content-type-options":"nosniff","server-timing":"gfet4t7; dur=1440","alt-svc":"h3-29=\":443\"; ma=2592000,h3-T051=\":443\"; ma=2592000,h3-Q050=\":443\"; ma=2592000,h3-Q046=\":443\"; ma=2592000,h3-Q043=\":443\"; ma=2592000,quic=\":443\"; ma=2592000; v=\"46,43\"","accept-ranges":"none","transfer-encoding":"chunked"}
[debug] [2021-02-27T09:36:05.476Z] > refreshing access token with scopes: []
[debug] [2021-02-27T09:36:05.476Z] >>> HTTP REQUEST POST https://www.googleapis.com/oauth2/v3/token  
 <request body omitted>
